{
  "RSpec": {
    "coverage": {
      "/Users/nicholasbundy/dev/recispeak/app/helpers/application_helper.rb": [
        1,
        null
      ],
      "/Users/nicholasbundy/dev/recispeak/app/controllers/welcome_controller.rb": [
        1,
        1,
        null,
        1,
        null,
        null,
        null
      ],
      "/Users/nicholasbundy/dev/recispeak/app/controllers/application_controller.rb": [
        1,
        null,
        null,
        1,
        null,
        1,
        5,
        null,
        null,
        1,
        3,
        null,
        null,
        1,
        null
      ],
      "/Users/nicholasbundy/dev/recispeak/app/models/user.rb": [
        1,
        1,
        1,
        1,
        null,
        1,
        1,
        1,
        1,
        null
      ],
      "/Users/nicholasbundy/dev/recispeak/app/controllers/session_controller.rb": [
        1,
        null,
        1,
        0,
        null,
        null,
        1,
        1,
        1,
        1,
        1,
        null,
        0,
        0,
        null,
        null,
        null,
        1,
        0,
        0,
        null,
        null
      ],
      "/Users/nicholasbundy/dev/recispeak/app/controllers/users_controller.rb": [
        1,
        1,
        1,
        null,
        1,
        null,
        null,
        1,
        0,
        null,
        null,
        1,
        0,
        null,
        0,
        0,
        0,
        null,
        0,
        null,
        null,
        null,
        1,
        2,
        null,
        null,
        1,
        0,
        null,
        null,
        1,
        1,
        null,
        1,
        1,
        null,
        0,
        null,
        null,
        null,
        1,
        0,
        0,
        0,
        null,
        null,
        1,
        null,
        1,
        3,
        null,
        null,
        1,
        1,
        null,
        null,
        1,
        2,
        0,
        null,
        null,
        null,
        1,
        2,
        0,
        null,
        null,
        null,
        null
      ]
    },
    "timestamp": 1396568085
  }
}
