{
  "RSpec": {
    "coverage": {
      "/Users/nicholasbundy/dev/recispeak/app/helpers/application_helper.rb": [
        1,
        1,
        0,
        0,
        0,
        null,
        0,
        null,
        null
      ],
      "/Users/nicholasbundy/dev/recispeak/app/models/ingredient.rb": [
        1,
        1,
        null
      ],
      "/Users/nicholasbundy/dev/recispeak/app/models/recipe.rb": [
        1,
        1,
        1,
        1,
        1,
        1,
        null,
        1,
        null
      ],
      "/Users/nicholasbundy/dev/recispeak/app/models/step.rb": [
        1,
        1,
        null
      ],
      "/Users/nicholasbundy/dev/recispeak/app/models/user.rb": [
        1,
        1,
        null,
        1,
        1,
        1,
        1,
        null,
        1,
        1,
        1,
        1,
        null,
        1,
        0,
        0,
        null,
        null,
        1,
        0,
        0,
        null,
        null,
        null
      ]
    },
    "timestamp": 1399556668
  }
}
